#
# There is insufficient memory for the Java Runtime Environment to continue.
# Native memory allocation (mmap) failed to map 132120576 bytes for G1 virtual space
# Possible reasons:
#   The system is out of physical RAM or swap space
#   The process is running with CompressedOops enabled, and the Java Heap may be blocking the growth of the native heap
# Possible solutions:
#   Reduce memory load on the system
#   Increase physical memory or swap space
#   Check if swap backing store is full
#   Decrease Java heap size (-Xmx/-Xms)
#   Decrease number of Java threads
#   Decrease Java thread stack sizes (-Xss)
#   Set larger code cache with -XX:ReservedCodeCacheSize=
#   JVM is running with Unscaled Compressed Oops mode in which the Java heap is
#     placed in the first 4GB address space. The Java Heap base address is the
#     maximum limit for the native heap growth. Please use -XX:HeapBaseMinAddress
#     to set the Java Heap base and to place the Java Heap above 4GB virtual address.
# This output file may be truncated or incomplete.
#
#  Out of Memory Error (os_windows.cpp:3550), pid=20712, tid=11436
#
# JRE version:  (17.0.8+9) (build )
# Java VM: Java HotSpot(TM) 64-Bit Server VM (17.0.8+9-LTS-211, mixed mode, emulated-client, sharing, tiered, compressed oops, compressed class ptrs, g1 gc, windows-amd64)
# No core dump will be written. Minidumps are not enabled by default on client versions of Windows
#

---------------  S U M M A R Y ------------

Command Line: -XX:TieredStopAtLevel=1 -Xverify:none -Dspring.output.ansi.enabled=always -Dcom.sun.management.jmxremote -Dspring.jmx.enabled=true -Dspring.liveBeansView.mbeanDomain -Dspring.application.admin.enabled=true -javaagent:C:\Program Files\JetBrains\IntelliJ IDEA 2022.1.1\lib\idea_rt.jar=3535:C:\Program Files\JetBrains\IntelliJ IDEA 2022.1.1\bin -Dfile.encoding=UTF-8 capstone.courseweb.CourseWebApplication

Host: Intel(R) Core(TM) i3-1005G1 CPU @ 1.20GHz, 4 cores, 7G,  Windows 10 , 64 bit Build 19041 (10.0.19041.4717)
Time: Thu Sep 12 23:48:21 2024  Windows 10 , 64 bit Build 19041 (10.0.19041.4717) elapsed time: 0.035793 seconds (0d 0h 0m 0s)

---------------  T H R E A D  ---------------

Current thread (0x000002ba0427c980):  JavaThread "Unknown thread" [_thread_in_vm, id=11436, stack(0x000000f893d00000,0x000000f893e00000)]

Stack: [0x000000f893d00000,0x000000f893e00000]
Native frames: (J=compiled Java code, j=interpreted, Vv=VM code, C=native code)
V  [jvm.dll+0x677d0a]
V  [jvm.dll+0x7d8c54]
V  [jvm.dll+0x7da3fe]
V  [jvm.dll+0x7daa63]
V  [jvm.dll+0x245c5f]
V  [jvm.dll+0x674bb9]
V  [jvm.dll+0x6694f2]
V  [jvm.dll+0x3031d6]
V  [jvm.dll+0x30a756]
V  [jvm.dll+0x359f9e]
V  [jvm.dll+0x35a1cf]
V  [jvm.dll+0x2da3e8]
V  [jvm.dll+0x2db354]
V  [jvm.dll+0x7aa711]
V  [jvm.dll+0x367b51]
V  [jvm.dll+0x789979]
V  [jvm.dll+0x3eb05f]
V  [jvm.dll+0x3ecae1]
C  [jli.dll+0x5297]
C  [ucrtbase.dll+0x21bb2]
C  [KERNEL32.DLL+0x17374]
C  [ntdll.dll+0x4cc91]


---------------  P R O C E S S  ---------------

Threads class SMR info:
_java_thread_list=0x00007ffc29f459d8, length=0, elements={
}

Java Threads: ( => current thread )

Other Threads:
  0x000002ba042d5330 GCTaskThread "GC Thread#0" [stack: 0x000000f893e00000,0x000000f893f00000] [id=10432]
  0x000002ba042e5b30 ConcurrentGCThread "G1 Main Marker" [stack: 0x000000f893f00000,0x000000f894000000] [id=14116]
  0x000002ba042e6540 ConcurrentGCThread "G1 Conc#0" [stack: 0x000000f894000000,0x000000f894100000] [id=5376]

[error occurred during error reporting (printing all threads), id 0xc0000005, EXCEPTION_ACCESS_VIOLATION (0xc0000005) at pc=0x00007ffc2977b047]

VM state: not at safepoint (not fully initialized)

VM Mutex/Monitor currently owned by a thread:  ([mutex/lock_event])
[0x000002ba04277b90] Heap_lock - owner thread: 0x000002ba0427c980

Heap address: 0x0000000083a00000, size: 1990 MB, Compressed Oops mode: 32-bit

CDS archive(s) mapped at: [0x0000000000000000-0x0000000000000000-0x0000000000000000), size 0, SharedBaseAddress: 0x0000000800000000, ArchiveRelocationMode: 1.
Narrow klass base: 0x0000000000000000, Narrow klass shift: 0, Narrow klass range: 0x0

GC Precious Log:
<Empty>

Heap:
 garbage-first heap   total 0K, used 0K [0x0000000083a00000, 0x0000000100000000)
  region size 1024K, 0 young (0K), 0 survivors (0K)

[error occurred during error reporting (printing heap information), id 0xc0000005, EXCEPTION_ACCESS_VIOLATION (0xc0000005) at pc=0x00007ffc29b61499]

GC Heap History (0 events):
No events

Deoptimization events (0 events):
No events

Classes unloaded (0 events):
No events

Classes redefined (0 events):
No events

Internal exceptions (0 events):
No events

VM Operations (0 events):
No events

Events (1 events):
Event: 0.025 Loaded shared library C:\Program Files\Java\jdk-17\bin\java.dll


Dynamic libraries:
0x00007ff7353a0000 - 0x00007ff7353b0000 	C:\Program Files\Java\jdk-17\bin\java.exe
0x00007ffcab310000 - 0x00007ffcab508000 	C:\WINDOWS\SYSTEM32\ntdll.dll
0x00007ffca9e70000 - 0x00007ffca9f31000 	C:\WINDOWS\System32\KERNEL32.DLL
0x00007ffca8cc0000 - 0x00007ffca8fbd000 	C:\WINDOWS\System32\KERNELBASE.dll
0x00007ffca8bc0000 - 0x00007ffca8cc0000 	C:\WINDOWS\System32\ucrtbase.dll
0x00007ffc87380000 - 0x00007ffc87399000 	C:\Program Files\Java\jdk-17\bin\jli.dll
0x00007ffca9890000 - 0x00007ffca9940000 	C:\WINDOWS\System32\ADVAPI32.dll
0x00007ffcaa330000 - 0x00007ffcaa3ce000 	C:\WINDOWS\System32\msvcrt.dll
0x00007ffca9dd0000 - 0x00007ffca9e70000 	C:\WINDOWS\System32\sechost.dll
0x00007ffcab1a0000 - 0x00007ffcab2c3000 	C:\WINDOWS\System32\RPCRT4.dll
0x00007ffca8fc0000 - 0x00007ffca8fe7000 	C:\WINDOWS\System32\bcrypt.dll
0x00007ffc858d0000 - 0x00007ffc858eb000 	C:\Program Files\Java\jdk-17\bin\VCRUNTIME140.dll
0x00007ffca9c30000 - 0x00007ffca9dcd000 	C:\WINDOWS\System32\USER32.dll
0x00007ffca8b20000 - 0x00007ffca8b42000 	C:\WINDOWS\System32\win32u.dll
0x00007ffcaa4a0000 - 0x00007ffcaa4cb000 	C:\WINDOWS\System32\GDI32.dll
0x00007ffca9220000 - 0x00007ffca9337000 	C:\WINDOWS\System32\gdi32full.dll
0x00007ffca9180000 - 0x00007ffca921d000 	C:\WINDOWS\System32\msvcp_win.dll
0x00007ffc8ca00000 - 0x00007ffc8cc9a000 	C:\WINDOWS\WinSxS\amd64_microsoft.windows.common-controls_6595b64144ccf1df_6.0.19041.4355_none_60b8b9eb71f62e16\COMCTL32.dll
0x00007ffc95bc0000 - 0x00007ffc95bca000 	C:\WINDOWS\SYSTEM32\VERSION.dll
0x00007ffcaa600000 - 0x00007ffcaa62f000 	C:\WINDOWS\System32\IMM32.DLL
0x00007ffc9d590000 - 0x00007ffc9d59c000 	C:\Program Files\Java\jdk-17\bin\vcruntime140_1.dll
0x00007ffc5c2b0000 - 0x00007ffc5c33e000 	C:\Program Files\Java\jdk-17\bin\msvcp140.dll
0x00007ffc29490000 - 0x00007ffc2a06e000 	C:\Program Files\Java\jdk-17\bin\server\jvm.dll
0x00007ffcaa630000 - 0x00007ffcaa638000 	C:\WINDOWS\System32\PSAPI.DLL
0x00007ffc848e0000 - 0x00007ffc848e9000 	C:\WINDOWS\SYSTEM32\WSOCK32.dll
0x00007ffc8a5f0000 - 0x00007ffc8a617000 	C:\WINDOWS\SYSTEM32\WINMM.dll
0x00007ffcaa3d0000 - 0x00007ffcaa43b000 	C:\WINDOWS\System32\WS2_32.dll
0x00007ffca71d0000 - 0x00007ffca71e2000 	C:\WINDOWS\SYSTEM32\kernel.appcore.dll
0x00007ffc9b130000 - 0x00007ffc9b13a000 	C:\Program Files\Java\jdk-17\bin\jimage.dll
0x00007ffca6550000 - 0x00007ffca6734000 	C:\WINDOWS\SYSTEM32\DBGHELP.DLL
0x00007ffc93a00000 - 0x00007ffc93a34000 	C:\WINDOWS\SYSTEM32\dbgcore.DLL
0x00007ffca90f0000 - 0x00007ffca9172000 	C:\WINDOWS\System32\bcryptPrimitives.dll
0x00007ffca1340000 - 0x00007ffca134e000 	C:\Program Files\Java\jdk-17\bin\instrument.dll
0x00007ffc76df0000 - 0x00007ffc76e15000 	C:\Program Files\Java\jdk-17\bin\java.dll

dbghelp: loaded successfully - version: 4.0.5 - missing functions: none
symbol engine: initialized successfully - sym options: 0x614 - pdb path: .;C:\Program Files\Java\jdk-17\bin;C:\WINDOWS\SYSTEM32;C:\WINDOWS\WinSxS\amd64_microsoft.windows.common-controls_6595b64144ccf1df_6.0.19041.4355_none_60b8b9eb71f62e16;C:\Program Files\Java\jdk-17\bin\server

VM Arguments:
jvm_args: -XX:TieredStopAtLevel=1 -Xverify:none -Dspring.output.ansi.enabled=always -Dcom.sun.management.jmxremote -Dspring.jmx.enabled=true -Dspring.liveBeansView.mbeanDomain -Dspring.application.admin.enabled=true -javaagent:C:\Program Files\JetBrains\IntelliJ IDEA 2022.1.1\lib\idea_rt.jar=3535:C:\Program Files\JetBrains\IntelliJ IDEA 2022.1.1\bin -Dfile.encoding=UTF-8 
java_command: capstone.courseweb.CourseWebApplication
java_class_path (initial): C:\Users\Admin\Desktop\มนวม\igilro\back-end\course-web\build\classes\java\main;C:\Users\Admin\Desktop\มนวม\igilro\back-end\course-web\build\resources\main;C:\Users\Admin\.gradle\caches\modules-2\files-2.1\org.projectlombok\lombok\1.18.30\f195ee86e6c896ea47a1d39defbe20eb59cd149d\lombok-1.18.30.jar;C:\Users\Admin\.gradle\caches\modules-2\files-2.1\org.springframework.boot\spring-boot-starter-data-jpa\3.2.3\1fd0770b23c57627e5a37726fb4060f5bfa4da6f\spring-boot-starter-data-jpa-3.2.3.jar;C:\Users\Admin\.gradle\caches\modules-2\files-2.1\org.springframework.boot\spring-boot-starter-web\3.2.3\bf2b775d4f4e6349129c64de30939a5493779706\spring-boot-starter-web-3.2.3.jar;C:\Users\Admin\.gradle\caches\modules-2\files-2.1\org.springframework.boot\spring-boot-starter-security\3.2.3\f6353a8e62be7372b3968ab71e613b5188d55c3b\spring-boot-starter-security-3.2.3.jar;C:\Users\Admin\.gradle\caches\modules-2\files-2.1\com.sun.xml.bind\jaxb-impl\4.0.1\bad26cea1d483dda57b6f634cdeaca3238637aea\jaxb-impl-4.0.1.jar;C:\Users\Admin\.gradle\caches\modules-2\files-2.1\com.sun.xml.bind\jaxb-core\4.0.1\e8bf2d711d2d4250537199602bccae0cd4e62726\jaxb-core-4.0.1.jar;C:\Users\Admin\.gradle\caches\modules-2\files-2.1\javax.xml.bind\jaxb-api\2.4.0-b180830.0359\b54184b7dcab2031add3f525550c7f1b7e12209d\jaxb-api-2.4.0-b180830.0359.jar;C:\Users\Admin\.gradle\caches\modules-2\files-2.1\io.jsonwebtoken\jjwt-jackson\0.11.5\3b83a06809e98a69402d7333dcf67df6f6ea4579\jjwt-jackson-0.11.5.jar;C:\Users\Admin\.gradle\caches\modules-2\files-2.1\io.jsonwebtoken\jjwt\0.9.1\54d2abfc3e63a28824d35bf600d6a5d627da681a\jjwt-0.9.1.jar;C:\Users\Admin\.gradle\caches\modules-2\files-2.1\org.json\json\20240303\ebb88e8fb5122b7506d5cf1d69f1ccdb790d22a\json-20240303.jar;C:\Users\Admin\.gradle\caches\modules-2\files-2.1\org.springframework.boot\spring-boot-starter-aop\3.2.3\db8d799efd6cacd3bd134d471c3f983cbc1a137\spring-boot-starter-aop-3.2.3.jar;C:\Users\Admin\.gradle\caches\modules-2\files-2.1\org.springframe
Launcher Type: SUN_STANDARD

[Global flags]
     intx CICompilerCount                          = 3                                         {product} {ergonomic}
     uint ConcGCThreads                            = 1                                         {product} {ergonomic}
     uint G1ConcRefinementThreads                  = 4                                         {product} {ergonomic}
   size_t G1HeapRegionSize                         = 1048576                                   {product} {ergonomic}
    uintx GCDrainStackTargetSize                   = 64                                        {product} {ergonomic}
   size_t InitialHeapSize                          = 132120576                                 {product} {ergonomic}
     bool ManagementServer                         = true                                      {product} {command line}
   size_t MarkStackSize                            = 4194304                                   {product} {ergonomic}
   size_t MaxHeapSize                              = 2086666240                                {product} {ergonomic}
   size_t MinHeapDeltaBytes                        = 1048576                                   {product} {ergonomic}
   size_t MinHeapSize                              = 8388608                                   {product} {ergonomic}
    uintx NonProfiledCodeHeapSize                  = 0                                      {pd product} {ergonomic}
     bool ProfileInterpreter                       = false                                  {pd product} {command line}
    uintx ProfiledCodeHeapSize                     = 0                                      {pd product} {ergonomic}
   size_t SoftMaxHeapSize                          = 2086666240                             {manageable} {ergonomic}
     intx TieredStopAtLevel                        = 1                                         {product} {command line}
     bool UseCompressedClassPointers               = true                           {product lp64_product} {ergonomic}
     bool UseCompressedOops                        = true                           {product lp64_product} {ergonomic}
     bool UseG1GC                                  = true                                      {product} {ergonomic}
     bool UseLargePagesIndividualAllocation        = false                                  {pd product} {ergonomic}

Logging:
Log output configuration:
 #0: stdout all=warning uptime,level,tags
 #1: stderr all=off uptime,level,tags

Environment Variables:
JAVA_HOME=C:\Program Files\Java\jdk-17
PATH=C:\Program Files\Common Files\Oracle\Java\javapath;C:\Program Files\Java\jdk-17\bin;C:\Program Files (x86)\Windows Resource Kits\Tools\;C:\oracle\WINDOWS.X64_193000_db_home\bin;C:\WINDOWS\system32;C:\WINDOWS;C:\WINDOWS\System32\Wbem;C:\WINDOWS\System32\WindowsPowerShell\v1.0\;C:\WINDOWS\System32\OpenSSH\;C:\Program Files\Git\cmd;C:\Program Files\PuTTY\;C:\Program Files\nodejs\;C:\Users\Admin\AppData\Local\Programs\Python\Python310\Scripts\;C:\Users\Admin\AppData\Local\Programs\Python\Python310\;C:\Program Files\MySQL\MySQL Shell 8.0\bin\;C:\Users\Admin\AppData\Local\Microsoft\WindowsApps;C:\Users\Admin\AppData\Local\Programs\Microsoft VS Code\bin;C:\Program Files\Java\jdk-16.0.1\bin;;C:\Program Files\JetBrains\IntelliJ IDEA 2022.1.1\bin;;C:\Users\Admin\AppData\Local\JetBrains\Toolbox\scripts;C:\Users\Admin\AppData\Roaming\npm;C:\Program Files (x86)\ESTsoft\ALSee\x64
USERNAME=Admin
OS=Windows_NT
PROCESSOR_IDENTIFIER=Intel64 Family 6 Model 126 Stepping 5, GenuineIntel



---------------  S Y S T E M  ---------------

OS:
 Windows 10 , 64 bit Build 19041 (10.0.19041.4717)
OS uptime: 2 days 2:20 hours

CPU: total 4 (initial active 4) (2 cores per cpu, 2 threads per core) family 6 model 126 stepping 5 microcode 0xa0, cx8, cmov, fxsr, ht, mmx, 3dnowpref, sse, sse2, sse3, ssse3, sse4.1, sse4.2, popcnt, lzcnt, tsc, tscinvbit, avx, avx2, aes, erms, clmul, bmi1, bmi2, adx, avx512f, avx512dq, avx512cd, avx512bw, avx512vl, sha, fma, vzeroupper, avx512_vpopcntdq, avx512_vpclmulqdq, avx512_vaes, avx512_vnni, clflush, clflushopt, avx512_vbmi2, avx512_vbmi

Memory: 4k page, system-wide physical 7954M (354M free)
TotalPageFile size 32530M (AvailPageFile size 59M)
current process WorkingSet (physical memory assigned to process): 11M, peak: 11M
current process commit charge ("private bytes"): 47M, peak: 172M

vm_info: Java HotSpot(TM) 64-Bit Server VM (17.0.8+9-LTS-211) for windows-amd64 JRE (17.0.8+9-LTS-211), built on Jun 14 2023 10:34:31 by "mach5one" with MS VC++ 17.1 (VS2022)

END.
